
ROM used: 3822 (3%)
          3826 (3%) including unused fragments

          1 Average locations per line
          6 Average locations per statement

RAM used: 58 (2%) at main() level
          79 (2%) worst case

Stack used: 5 worst case (out of 31 total available)

Lines Stmts  %   Files
----- ----- ---  -----
  195   110  16  PARCIAL3CORTE.c
  704     0   0  ..\..\..\..\Program Files (x86)\PICC\devices\18F47J53.h
  197    98  14  Configura_LCD_4-8_bits.c
 1273   359  52  ..\..\..\..\Program Files (x86)\PICC\drivers\stdlib.h
   32     0   0  ..\..\..\..\Program Files (x86)\PICC\drivers\stddef.h
  409   121  18  ..\..\..\..\Program Files (x86)\PICC\drivers\string.h
   28     0   0  ..\..\..\..\Program Files (x86)\PICC\drivers\ctype.h
----- -----
 2838   688 Total

Page ROM  %  RAM   Vol Diff  Functions:
---- --- --- ---   --- ----  ----------
0     40   1   1             @delay_ms1
0    194   3   3  1374  3.4  lcd_envia_byte_4bits
0     56   1   3   352  5.0  lcd_ubicaxy_4bits
0     40   1   0             @goto10101
0     58   1   0   197  1.8  lcd_init_4bits
0     54   1   1   248  2.3  lcd_putc_4bits
0     82   1   6             @MULS1616
0    242   3  11             @MULFF
0     56   1   2             @ITOF
0    488   6  11  1817 10.4  atol
0     36   0   0             @const410
0     24   0   0             @const413
0    360   5   2   734  8.2  barrer_teclado
0     62   1   6             @WRITEBITA
0   1136  15   4  3202  9.5  MAIN
0     18   0   0             @const423
0     40   1   3             @PSTRINGC_114
0     18   0   0             @const425
0     16   0   0             @const426
0     20   0   0             @const427
0     32   0   0             @const428
0     38   0   4             @PSTRINGCN_114
0    178   2   9             @PRINTF_LU_114
0     34   0   0             @const433
0     58   1   4             @SFTOI
0     54   1   4             @DTOF
0     64   1   5             @FTOSD
0      6   0   0             @const440
0      6   0   0             @const444
0    142   2  13             @DIV3232
0    166   2  12             @PRINTF_L32U_114

Program metrics:
    Functions               7
    Statements              688
    Comments                983
    Volume (V)              10775
    Difficilty (D)          39.8
    Effort to implement (E) 428586
    Time to implement (T)   6 hours, 37 minutes
    Est Delivered Bugs (B)  2
    Cyclomatic Complexity   41
    Maintainability (MI)    34

 Segment     Used  Free
-----------  ----  ----
00000-00FFE     0  4096  
01000-01006     4  4  
01008-0FFFE  3818  57614  
10000-1FFF6     0  65528  



