
ROM used: 2450 (2%)
          2454 (2%) including unused fragments

          0 Average locations per line
          3 Average locations per statement

RAM used: 87 (2%) at main() level
          106 (3%) worst case

Stack used: 11 worst case (out of 31 total available)

Lines Stmts  %   Files
----- ----- ---  -----
  330   142  15  Proyecto.c
   71     0   0  PLANTILLA_18F47J53.h
  704     0   0  ..\..\..\..\..\Program Files (x86)\PICC\devices\18F47J53.h
 2220   257  26  ..\..\..\..\..\Program Files (x86)\PICC\drivers\math.h
 1273   359  37  ..\..\..\..\..\Program Files (x86)\PICC\drivers\stdlib.h
   32     0   0  ..\..\..\..\..\Program Files (x86)\PICC\drivers\stddef.h
  409   121  12  ..\..\..\..\..\Program Files (x86)\PICC\drivers\string.h
   28     0   0  ..\..\..\..\..\Program Files (x86)\PICC\drivers\ctype.h
  201    96  10  Configura_LCD_4-8_bits.c
----- -----
 5268   975 Total

Page ROM  %  RAM   Vol Diff  Functions:
---- --- --- ---   --- ----  ----------
0     40   1   1             @delay_ms1
0     64   1   1  1121 10.1  @PUTCHAR_1_
0     70   1   1             @GETCH_1_
0    190   4   3  1341  3.4  lcd_envia_byte_4bits
0     56   1   3   352  5.0  lcd_ubicaxy_4bits
0     40   1   0    25  1.2  @goto11728
0    142   3   0   197  1.8  lcd_init_4bits
0     54   1   1   248  2.3  lcd_putc_4bits
0    156   3   0   432  6.1  @const544
0    156   3   0  1778  8.3  @const547
0     64   1   1   432  6.1  int_ext_isr
0    430   9   2  1778  8.3  MAIN
0     20   0   0    33  1.3  @const557
0     54   1   3  2958 11.1  @PSTRINGC_529
0     10   0   0    33  1.3  init_kb
0    718  15   6  2958 11.1  decode

Program metrics:
    Functions               14
    Statements              975
    Comments                1312
    Volume (V)              20128
    Difficilty (D)          79.6
    Effort to implement (E) 1601684
    Time to implement (T)   24 hours, 43 minutes
    Est Delivered Bugs (B)  5
    Cyclomatic Complexity   93
    Maintainability (MI)    96

 Segment     Used  Free
-----------  ----  ----
00000-00FFE     0  4096  
01000-01006     4  4  
01008-010BC   182  0  
010BE-0FFFE  2264  58986  
10000-1FFF6     0  65528  



