
ROM used: 1684 (1%)
          1688 (1%) including unused fragments

          1 Average locations per line
          2 Average locations per statement

RAM used: 47 (1%) at main() level
          57 (2%) worst case

Stack used: 6 worst case (out of 31 total available)

Lines Stmts  %   Files
----- ----- ---  -----
  209    55   8  teclado.c
  704     0   0  ..\..\..\..\..\Program Files (x86)\PICC\devices\18F47J53.h
  197    98  15  Configura_LCD_4-8_bits.c
   80    41   6  DHT11.c
 1273   359  53  ..\..\..\..\..\Program Files (x86)\PICC\drivers\stdlib.h
   32     0   0  ..\..\..\..\..\Program Files (x86)\PICC\drivers\stddef.h
  409   121  18  ..\..\..\..\..\Program Files (x86)\PICC\drivers\string.h
   28     0   0  ..\..\..\..\..\Program Files (x86)\PICC\drivers\ctype.h
----- -----
 2932   674 Total

Page ROM  %  RAM   Vol Diff  Functions:
---- --- --- ---   --- ----  ----------
0     40   1   1             @delay_ms1
0     32   1   1             @delay_us1
0    194   6   3  1374  3.4  lcd_envia_byte_4bits
0     56   2   3   352  5.0  lcd_ubicaxy_4bits
0     40   1   0             @goto10111
0     58   2   0   197  1.8  lcd_init_4bits
0     54   2   1   248  2.3  lcd_putc_4bits
0     20   1   1    32  1.0  DHT11_init
0     60   2   2   330  6.5  get_byte
0    190   6   5   863  6.0  get_data
0     18   1   0    32  1.0  TIMER0_isr
0    392  12   1   975  7.2  MAIN
0     38   1   0   538  4.2  @const433
0     40   1   3             @PSTRINGC_120
0     16   0   0             @const436
0     32   1   0             @const437
0     20   1   0             @const438
0     38   1   4             @PSTRINGCN_120
0     40   1   3             @DIV88
0    102   3   2             @PRINTF_U_120
0     18   1   0             @const447

Program metrics:
    Functions               10
    Statements              674
    Comments                1258
    Volume (V)              7390
    Difficilty (D)          38.1
    Effort to implement (E) 281463
    Time to implement (T)   4 hours, 21 minutes
    Est Delivered Bugs (B)  1
    Cyclomatic Complexity   29
    Maintainability (MI)    18

 Segment     Used  Free
-----------  ----  ----
00000-00FFE     0  4096  
01000-01006     4  4  
01008-010BC   182  0  
010BE-0FFFE  1498  59752  
10000-1FFF6     0  65528  



