
ROM used: 5584 (4%)
          5588 (4%) including unused fragments

          1 Average locations per line
          5 Average locations per statement

RAM used: 109 (3%) at main() level
          140 (4%) worst case

Stack used: 6 worst case (out of 31 total available)

Lines Stmts  %   Files
----- ----- ---  -----
  403   283  25  i2c_ds1307.c
  704     0   0  ..\..\..\..\Program Files (x86)\PICC\devices\18F47J53.h
  190    96   9  Configura_LCD_4-8_bits.c
 1273   359  32  ..\..\..\..\Program Files (x86)\PICC\drivers\stdlib.h
   32     0   0  ..\..\..\..\Program Files (x86)\PICC\drivers\stddef.h
  409   121  11  ..\..\..\..\Program Files (x86)\PICC\drivers\string.h
   28     0   0  ..\..\..\..\Program Files (x86)\PICC\drivers\ctype.h
 2220   257  23  ..\..\..\..\Program Files (x86)\PICC\drivers\math.h
----- -----
 5259  1116 Total

Page ROM  %  RAM   Vol Diff  Functions:
---- --- --- ---   --- ----  ----------
0     40   0   1             @delay_ms1
0    102   1   3             @I2C_READ_1
0    108   1   1             @I2C_WRITE_1
0    194   2   3  1374  3.4  lcd_envia_byte_4bits
0     56   1   3   352  5.0  lcd_ubicaxy_4bits
0     40   0   0             @goto10122
0     58   1   0   197  1.8  lcd_init_4bits
0     54   0   1   248  2.3  lcd_putc_4bits
0     76   1   2             @MUL88
0    412   4   9  1815 10.5  atoi
0     68   1   5             @DIV1616
0     32   0   5             @MUL1616
0    338   3   2  1910  4.4  barrer_teclado
0     24   0   1    98  2.9  esperar_teclado
0    118   1   2   185  3.6  write_ds1307
0    198   2   3   297  3.7  read_ds1307
0    186   2   1   267  3.1  printHora
0     20   0   0             @const546
0     38   0   4             @PSTRINGCN_116
0     66   1   2             @PRINTF_X_116
0     22   0   0             @const552
0    180   2  14   685  7.8  convertDecToHex
0   2198  20   2  8155 14.4  MAIN
0     24   0   0             @const561
0     40   0   3             @PSTRINGC_116
0     28   0   0             @const563
0     32   0   0             @const564
0     20   0   0             @const565
0     18   0   0             @const567
0     34   0   0             @const569
0     24   0   0             @const570
0    178   2   9             @PRINTF_LU_116
0     18   0   0             @const574
0     24   0   0             @const576
0     20   0   0             @const578
0     28   0   0             @const580
0     18   0   0             @const588
0     40   0   3             @DIV88
0    110   1   2             @PRINTF_U_116
0     36   0   0             @const595
0     28   0   0             @const596
0     28   0   0             @const597
0     28   0   0             @const598
0     46   0   5             @READBITA
0     62   1   6             @WRITEBITA
0     36   0   0             @const609
0     32   0   0             @const610

Program metrics:
    Functions               12
    Statements              1116
    Comments                1269
    Volume (V)              21359
    Difficilty (D)          62.7
    Effort to implement (E) 1340233
    Time to implement (T)   20 hours, 41 minutes
    Est Delivered Bugs (B)  4
    Cyclomatic Complexity   81
    Maintainability (MI)    46

 Segment     Used  Free
-----------  ----  ----
00000-00FFE     0  4096  
01000-01006     4  4  
01008-0FFFE  5580  55852  
10000-1FFF6     0  65528  



