
ROM used: 1214 (1%)
          1218 (1%) including unused fragments

          0 Average locations per line
          2 Average locations per statement

RAM used: 20 (1%) at main() level
          29 (1%) worst case

Stack used: 5 worst case (out of 31 total available)

Lines Stmts  %   Files
----- ----- ---  -----
  248   106  16  teclado.c
  704     0   0  ..\..\..\..\Program Files (x86)\PICC\devices\18F47J53.h
  190    96  14  Configura_LCD_4-8_bits.c
 1273   359  53  ..\..\..\..\Program Files (x86)\PICC\drivers\stdlib.h
   32     0   0  ..\..\..\..\Program Files (x86)\PICC\drivers\stddef.h
  409   121  18  ..\..\..\..\Program Files (x86)\PICC\drivers\string.h
   28     0   0  ..\..\..\..\Program Files (x86)\PICC\drivers\ctype.h
----- -----
 2884   682 Total

Page ROM  %  RAM   Vol Diff  Functions:
---- --- --- ---   --- ----  ----------
0     40   2   1             @delay_ms1
0    194   8   3  1374  3.4  lcd_envia_byte_4bits
0     56   2   3   352  5.0  lcd_ubicaxy_4bits
0     40   2   0             @goto10111
0     58   2   0   197  1.8  lcd_init_4bits
0     54   2   1   248  2.3  lcd_putc_4bits
0    338  14   2  1910  4.4  barrer_teclado
0     26   1   1    98  2.9  esperar_teclado
0    288  12   1   845  5.2  MAIN
0     38   2   0             @const417
0     40   2   3             @PSTRINGC_118
0     38   2   0             @const419

Program metrics:
    Functions               7
    Statements              682
    Comments                1212
    Volume (V)              6962
    Difficilty (D)          26.0
    Effort to implement (E) 181073
    Time to implement (T)   2 hours, 48 minutes
    Est Delivered Bugs (B)  1
    Cyclomatic Complexity   39
    Maintainability (MI)    110

 Segment     Used  Free
-----------  ----  ----
00000-00FFE     0  4096  
01000-01006     4  4  
01008-0FFFE  1210  60222  
10000-1FFF6     0  65528  



