
ROM used: 1058 (1%)
          1062 (1%) including unused fragments

          1 Average locations per line
          8 Average locations per statement

RAM used: 71 (2%) at main() level
          80 (2%) worst case

Stack used: 5 worst case (out of 31 total available)

Lines Stmts  %   Files
----- ----- ---  -----
  133    36  27  i2c_ds1307.c
  704     0   0  ..\..\..\..\Program Files (x86)\PICC\devices\18F47J53.h
  203    97  73  Configura_LCD_4-8_bits.c
----- -----
 1040   133 Total

Page ROM  %  RAM   Vol Diff  Functions:
---- --- --- ---   --- ----  ----------
0     40   2   1  1121 10.1  @delay_ms1
0     28   1   1             @I2C_WRITEU_1
0     28   1   1             @I2C_READU_1
0    190   9   3  1341  3.4  lcd_envia_byte_4bits
0     56   3   3   352  5.0  lcd_ubicaxy_4bits
0     40   2   0    43  2.1  @goto10108
0     62   3   0   221  1.8  lcd_init_4bits
0     54   3   1   248  2.3  lcd_putc_4bits
0     62   3   2   185  3.6  write_ds1307
0     66   3   3   214  3.6  read_ds1307
0    306  14   1   779  3.3  MAIN
0     14   1   0   556  7.5  @const140
0     40   2   3   556  7.5  @PSTRINGC_118
0      6   0   0   498 10.1  @const142
0     62   3   2    44  1.9  @PRINTF_X_118

Program metrics:
    Functions               13
    Statements              133
    Comments                208
    Volume (V)              9712
    Difficilty (D)          62.2
    Effort to implement (E) 604056
    Time to implement (T)   9 hours, 19 minutes
    Est Delivered Bugs (B)  2
    Cyclomatic Complexity   36
    Maintainability (MI)    94

 Segment     Used  Free
-----------  ----  ----
00000-00FFE     0  4096  
01000-01006     4  4  
01008-0FFFE  1054  60378  
10000-1FFF6     0  65528  



