
ROM used: 2556 (2%)
          2560 (2%) including unused fragments

          1 Average locations per line
          5 Average locations per statement

RAM used: 183 (5%) at main() level
          224 (6%) worst case

Stack used: 8 worst case (out of 31 total available)

Lines Stmts  %   Files
----- ----- ---  -----
  173    69  13  com_serie.c
  704     0   0  ..\..\..\..\Program Files (x86)\PICC\devices\18F47J53.h
  409     0   0  ..\..\..\..\Program Files (x86)\PICC\drivers\string.h
   32     0   0  ..\..\..\..\Program Files (x86)\PICC\drivers\stddef.h
   28     0   0  ..\..\..\..\Program Files (x86)\PICC\drivers\ctype.h
  190    96  18  Configura_LCD_4-8_bits.c
 1273   359  69  ..\..\..\..\Program Files (x86)\PICC\drivers\stdlib.h
----- -----
 2809   524 Total

Page ROM  %  RAM   Vol Diff  Functions:
---- --- --- ---   --- ----  ----------
0     40   1   1             @delay_ms1
0     56   1   2             @GETCH_BIU_1
0    194   4   3  1374  3.4  lcd_envia_byte_4bits
0     56   1   3   352  5.0  lcd_ubicaxy_4bits
0     40   1   0             @goto10452
0     58   1   0   197  1.8  lcd_init_4bits
0     54   1   1   248  2.3  lcd_putc_4bits
0     82   2   6             @MULS1616
0    488  10  11  1817 10.4  atol
0    370   7   3  1410  7.1  rd_isr
0    520  10   0   857  4.3  MAIN
0     14   0   0             @const422
0     40   1   3             @PSTRINGC_210
0     16   0   0             @const424
0    178   3   9             @PRINTF_LU_210
0    164   3   9             @PRINTF_LU_115200_31766_31767

Program metrics:
    Functions               7
    Statements              524
    Comments                755
    Volume (V)              8746
    Difficilty (D)          34.4
    Effort to implement (E) 300791
    Time to implement (T)   4 hours, 39 minutes
    Est Delivered Bugs (B)  1
    Cyclomatic Complexity   37
    Maintainability (MI)    44

 Segment     Used  Free
-----------  ----  ----
00000-00FFE     0  4096  
01000-01006     4  4  
01008-010BC   182  0  
010BE-0FFFE  2370  58880  
10000-1FFF6     0  65528  



