
ROM used: 4184 (3%)
          4188 (3%) including unused fragments

          1 Average locations per line
          10 Average locations per statement

RAM used: 234 (6%) at main() level
          256 (7%) worst case

Stack used: 5 worst case (out of 31 total available)

Lines Stmts  %   Files
----- ----- ---  -----
  180    67  16  dac.c
  704     0   0  ..\..\..\..\Program Files (x86)\PICC\devices\18F47J53.h
 2220   257  61  ..\..\..\..\Program Files (x86)\PICC\drivers\math.h
  203    97  23  Configura_LCD_4-8_bits.c
----- -----
 3307   421 Total

Page ROM  %  RAM   Vol Diff  Functions:
---- --- --- ---   --- ----  ----------
0    118   1  10             @FLT
0     56   1   4             @SFTOI
0     54   1   2             @ITOF
0    242   3  11             @MULFF
0    618   7  16             @ADDFF
0    346   4  14             @DIVFF
0     40   0   1             @delay_ms1
0     32   0   1             @delay_us1
0    190   2   3  1341  3.4  lcd_envia_byte_4bits
0     56   1   3   352  5.0  lcd_ubicaxy_4bits
0     40   0   0             @goto10590
0     62   1   0   221  1.8  lcd_init_4bits
0     54   1   1   248  2.3  lcd_putc_4bits
0    246   3   6   422  5.5  triangular
0     20   0   0    67  1.2  init_dac
0    106   1   6   701  7.9  write_dac
0   1082  13   4   496  7.7  MAIN
0     14   0   0             @const294
0     40   0   4             @PSTRINGCN_255
0     64   1   5             @FTOSD
0    142   2  13             @DIV3232
0    378   5  13             @PRINTF_L32D_255FPFPF
0    180   2   9             @PRINTF_LU_255

Program metrics:
    Functions               8
    Statements              421
    Comments                476
    Volume (V)              5679
    Difficilty (D)          33.7
    Effort to implement (E) 191540
    Time to implement (T)   2 hours, 57 minutes
    Est Delivered Bugs (B)  1
    Cyclomatic Complexity   21
    Maintainability (MI)    43

 Segment     Used  Free
-----------  ----  ----
00000-00FFE     0  4096  
01000-01006     4  4  
01008-0FFFE  4180  57252  
10000-1FFF6     0  65528  



