
ROM used: 4664 (4%)
          4668 (4%) including unused fragments

          1 Average locations per line
          5 Average locations per statement

RAM used: 191 (5%) at main() level
          279 (7%) worst case

Stack used: 7 worst case (out of 31 total available)

Lines Stmts  %   Files
----- ----- ---  -----
  268    66   7  PARCIAL2.c
  704     0   0  ..\..\..\..\Program Files (x86)\PICC\devices\18F47J53.h
  203    97  10  Configura_LCD_4-8_bits.c
   74    39   4  DS1307_MCP4821.c
   66    35   4  waveGenerator.c
 2220   257  26  ..\..\..\..\Program Files (x86)\PICC\drivers\math.h
 1273   359  37  ..\..\..\..\Program Files (x86)\PICC\drivers\stdlib.h
   32     0   0  ..\..\..\..\Program Files (x86)\PICC\drivers\stddef.h
  409   121  12  ..\..\..\..\Program Files (x86)\PICC\drivers\string.h
   28     0   0  ..\..\..\..\Program Files (x86)\PICC\drivers\ctype.h
----- -----
 5277   974 Total

Page ROM  %  RAM   Vol Diff  Functions:
---- --- --- ---   --- ----  ----------
0     42   0   1             @delay_ms1
0     28   0   1             @I2C_WRITEU_1
0     28   0   1             @I2C_READU_1
0    254   3   3  1341  3.4  lcd_envia_byte_4bits
0     58   1   3   352  5.0  lcd_ubicaxy_4bits
0     40   0   0             @goto10119
0     78   1   0   221  1.8  lcd_init_4bits
0     88   1   3   297  3.7  read_ds1307
0     20   0   0    67  1.2  init_dac
0    146   2  10             @FLT
0     56   1   4             @SFTOI
0     54   1   2             @ITOF
0    292   3  11             @MULFF
0    644   7  16             @ADDFF
0    346   4  14             @DIVFF
0    868   9  46  1146  9.9  cos
0     80   1   8    44  1.9  sin
0    698   7  12   595  7.7  seno
0    156   2   0   136  3.5  @const592
0     74   1   2   377  5.6  int_ext_isr
0     14   0   0    17  0.8  intTimer0
0    238   3   0   517  4.3  MAIN
0     18   0   0   115  1.7  init_kb
0    146   2   6   338  5.5  decode

Program metrics:
    Functions               14
    Statements              974
    Comments                1323
    Volume (V)              8845
    Difficilty (D)          55.7
    Effort to implement (E) 492338
    Time to implement (T)   7 hours, 36 minutes
    Est Delivered Bugs (B)  2
    Cyclomatic Complexity   30
    Maintainability (MI)    98

 Segment     Used  Free
-----------  ----  ----
00000-00FFE     0  4096  
01000-01006     4  4  
01008-010C8   194  0  
010CA-0FFFE  4466  56772  
10000-1FFF6     0  65528  



