
ROM used: 4192 (3%)
          4196 (3%) including unused fragments

          1 Average locations per line
          25 Average locations per statement

RAM used: 67 (2%) at main() level
          141 (4%) worst case

Stack used: 5 worst case (out of 31 total available)

Lines Stmts  %   Files
----- ----- ---  -----
  121    33  20  dac.c
  704     0   0  ..\..\..\..\..\Program Files (x86)\PICC\devices\18F47J53.h
 2220     0   0  ..\..\..\..\..\Program Files (x86)\PICC\drivers\math.h
  203    97  59  Configura_LCD_4-8_bits.c
   66    35  21  waveGenerator.c
----- -----
 3314   165 Total

Page ROM  %  RAM   Vol Diff  Functions:
---- --- --- ---   --- ----  ----------
0    120   1  10             @FLT
0     56   1   4             @SFTOI
0     54   1   2             @ITOF
0    242   3  11             @MULFF
0    618   7  16             @ADDFF
0    346   4  14   221  1.8  @DIVFF
0    844  10  46  1146  9.9  cos
0     74   1   8    44  1.9  sin
0     40   0   1   556  7.5  @delay_ms1
0     32   0   1   556  7.5  @delay_us1
0    190   2   3  1341  3.4  lcd_envia_byte_4bits
0     56   1   3   352  5.0  lcd_ubicaxy_4bits
0     40   0   0    44  1.9  @goto10580
0     62   1   0   221  1.8  lcd_init_4bits
0     54   1   1   248  2.3  lcd_putc_4bits
0    686   8  12   595  7.7  seno
0     20   0   0    67  1.2  init_dac
0    106   1   6   701  7.9  write_dac
0    310   4   2   338  5.0  MAIN
0     14   0   0             @const306
0     42   1   3   595  7.7  @PSTRINGC_249
0    182   2   9   605  6.7  @PRINTF_LU_249

Program metrics:
    Functions               16
    Statements              165
    Comments                263
    Volume (V)              12451
    Difficilty (D)          78.7
    Effort to implement (E) 980306
    Time to implement (T)   15 hours, 8 minutes
    Est Delivered Bugs (B)  3
    Cyclomatic Complexity   37
    Maintainability (MI)    98

 Segment     Used  Free
-----------  ----  ----
00000-00FFE     0  4096  
01000-01006     4  4  
01008-0FFFE  4188  57244  
10000-1FFF6     0  65528  



