
ROM used: 1412 (1%)
          1416 (1%) including unused fragments

          1 Average locations per line
          10 Average locations per statement

RAM used: 79 (2%) at main() level
          88 (2%) worst case

Stack used: 5 worst case (out of 31 total available)

Lines Stmts  %   Files
----- ----- ---  -----
  140    41  30  i2c_ds1307.c
  704     0   0  ..\..\..\..\..\Program Files (x86)\PICC\devices\18F47J53.h
  203    97  70  Configura_LCD_4-8_bits.c
----- -----
 1047   138 Total

Page ROM  %  RAM   Vol Diff  Functions:
---- --- --- ---   --- ----  ----------
0     40   1   1  1121 10.1  @delay_ms1
0    102   4   3             @I2C_READ_1
0    108   4   1             @I2C_WRITE_1
0    190   7   3  1341  3.4  lcd_envia_byte_4bits
0     56   2   3   352  5.0  lcd_ubicaxy_4bits
0     40   1   0   259  6.9  @goto10133
0     62   2   0   221  1.8  lcd_init_4bits
0     54   2   1   248  2.3  lcd_putc_4bits
0    118   4   2   185  3.6  write_ds1307
0    120   4   3   214  3.6  read_ds1307
0    396  14   1   961  4.3  MAIN
0     14   0   0   708  7.4  @const153
0     40   1   3  1121 10.1  @PSTRINGC_124
0      6   0   0    44  1.9  @const155
0     62   2   2             @PRINTF_X_124

Program metrics:
    Functions               12
    Statements              138
    Comments                208
    Volume (V)              10449
    Difficilty (D)          61.1
    Effort to implement (E) 638037
    Time to implement (T)   9 hours, 51 minutes
    Est Delivered Bugs (B)  2
    Cyclomatic Complexity   38
    Maintainability (MI)    104

 Segment     Used  Free
-----------  ----  ----
00000-00FFE     0  4096  
01000-01006     4  4  
01008-0FFFE  1408  60024  
10000-1FFF6     0  65528  



