
ROM used: 1954 (1%)
          1958 (1%) including unused fragments

          2 Average locations per line
          9 Average locations per statement

RAM used: 43 (1%) at main() level
          63 (2%) worst case

Stack used: 11 worst case (out of 31 total available)

Lines Stmts  %   Files
----- ----- ---  -----
  281   105  49  tecladoPS2.c
  704     0   0  ..\..\..\..\..\Program Files (x86)\PICC\devices\18F47J53.h
  203   109  51  Configura_LCD_4-8_bits.c
----- -----
 1188   214 Total

Page ROM  %  RAM   Vol Diff  Functions:
---- --- --- ---   --- ----  ----------
0     40   1   1             @delay_ms1
0    156   4   0             @const119
0    156   4   0             @const122
0     52   1   1   332  5.6  int_ext_isr
0    190   5   3  1341  3.4  lcd_envia_byte_4bits
0     56   1   3   352  5.0  lcd_ubicaxy_4bits
0     40   1   0   221  1.8  @goto10140
0    146   4   0   221  1.8  lcd_init_4bits
0     54   1   1   248  2.3  lcd_putc_4bits
0     10   0   0    48  2.1  esperar_teclado
0    168   4   0   183  2.2  MAIN
0     30   1   0    96  1.6  init_kb
0     22   1   0  3157 10.6  @const159
0     44   1   3             @PSTRINGC_115200_31766_31767
0    528  14   6  3157 10.6  decode
0     18   0   0             @const166
0     40   1   3             @PSTRINGC_142
0     18   0   0    43  2.1  @const168

Program metrics:
    Functions               12
    Statements              214
    Comments                242
    Volume (V)              13231
    Difficilty (D)          50.9
    Effort to implement (E) 673114
    Time to implement (T)   10 hours, 23 minutes
    Est Delivered Bugs (B)  3
    Cyclomatic Complexity   64
    Maintainability (MI)    118

 Segment     Used  Free
-----------  ----  ----
00000-00FFE     0  4096  
01000-01006     4  4  
01008-010BC   182  0  
010BE-0FFFE  1768  59482  
10000-1FFF6     0  65528  



