
ROM used: 6152 (5%)
          6156 (5%) including unused fragments

          1 Average locations per line
          8 Average locations per statement

RAM used: 118 (3%) at main() level
          165 (4%) worst case

Stack used: 9 worst case (out of 31 total available)

Lines Stmts  %   Files
----- ----- ---  -----
  534   305  39  Proyecto.c
   69     0   0  PLANTILLA_18F47J53.h
  704     0   0  ..\..\..\..\..\Program Files (x86)\PICC\devices\18F47J53.h
 2220   257  33  ..\..\..\..\..\Program Files (x86)\PICC\drivers\math.h
 1273     0   0  ..\..\..\..\..\Program Files (x86)\PICC\drivers\stdlib.h
   32     0   0  ..\..\..\..\..\Program Files (x86)\PICC\drivers\stddef.h
  409   121  16  ..\..\..\..\..\Program Files (x86)\PICC\drivers\string.h
   28     0   0  ..\..\..\..\..\Program Files (x86)\PICC\drivers\ctype.h
  201    96  12  Configura_LCD_4-8_bits.c
----- -----
 5470   779 Total

Page ROM  %  RAM   Vol Diff  Functions:
---- --- --- ---   --- ----  ----------
0     40   0   1             @delay_ms1
0     32   0   1             @delay_us1
0     82   1   6             @MULS1616
0    488   4  11  1817 10.4  atol
0     86   1  14             @MUL3232
0     66   1   5             @DIV1616
0    190   2   3  1341  3.4  lcd_envia_byte_4bits
0     56   0   3   352  5.0  lcd_ubicaxy_4bits
0     40   0   0             @goto11683
0     58   0   0   197  1.8  lcd_init_4bits
0     12   0   0    25  1.2  lcdCursorOn
0     10   0   0    25  1.2  lcdCursorOff
0     54   0   1   248  2.3  lcd_putc_4bits
0     64   1   1             @PUTCHAR_1_
0    156   1   0             @const558
0    156   1   0             @const561
0     64   1   1   432  6.1  int_ext_isr
0   2244  18   2  9645 16.1  MAIN
0     26   0   0             @const577
0     40   0   3             @PSTRINGC_509
0     24   0   0             @const579
0     28   0   0             @const580
0     34   0   0             @const581
0     36   0   0             @const582
0     32   0   0             @const583
0     28   0   0             @const584
0     20   0   0             @const585
0     32   0   0             @const586
0     38   0   4             @PSTRINGCN_509
0    178   1   9             @PRINTF_LU_509
0     16   0   0             @const591
0     30   0   0             @const592
0     14   0   0             @const593
0     32   0   0             @const594
0     16   0   0             @const595
0     34   0   0             @const596
0     28   0   0             @MEMSET
0      2   0   0             @const601
0     30   0   0             @const602
0     32   0   0             @const603
0     30   0   0             @const604
0     26   0   0             @const605
0     30   0   0             @const606
0    566   5   6  2608 10.1  decode
0    298   2   0  1278  5.3  imprimir_sensores
0    224   2  28   154  5.5  rule3
0    144   1  13             @DIV3232

Program metrics:
    Functions               12
    Statements              779
    Comments                1201
    Volume (V)              24250
    Difficilty (D)          68.2
    Effort to implement (E) 1653827
    Time to implement (T)   25 hours, 31 minutes
    Est Delivered Bugs (B)  5
    Cyclomatic Complexity   87
    Maintainability (MI)    73

 Segment     Used  Free
-----------  ----  ----
00000-00FFE     0  4096  
01000-01006     4  4  
01008-010BC   182  0  
010BE-0FFFE  5966  55284  
10000-1FFF6     0  65528  



