
ROM used: 1406 (1%)
          1410 (1%) including unused fragments

          1 Average locations per line
          10 Average locations per statement

RAM used: 79 (2%) at main() level
          89 (2%) worst case

Stack used: 5 worst case (out of 31 total available)

Lines Stmts  %   Files
----- ----- ---  -----
  140    38  28  i2c_ds1307.c
  704     0   0  ..\..\..\..\..\Program Files (x86)\PICC\devices\18F47J53.h
  190    96  72  Configura_LCD_4-8_bits.c
----- -----
 1034   134 Total

Page ROM  %  RAM   Vol Diff  Functions:
---- --- --- ---   --- ----  ----------
0     40   1   1             @delay_ms1
0    102   4   3             @I2C_READ_1
0    108   4   1             @I2C_WRITE_1
0    194   7   3  1374  3.4  lcd_envia_byte_4bits
0     56   2   3   352  5.0  lcd_ubicaxy_4bits
0     40   1   0             @goto10133
0     58   2   0   197  1.8  lcd_init_4bits
0     54   2   1   248  2.3  lcd_putc_4bits
0    200   7   3   297  3.7  read_ds1307
0    318  11   1   746  3.3  MAIN
0     24   1   0             @const151
0     40   1   3             @PSTRINGC_122
0     30   1   0             @const153
0     38   1   0             @const154
0     38   1   4             @PSTRINGCN_122
0     62   2   2             @PRINTF_X_122

Program metrics:
    Functions               6
    Statements              134
    Comments                203
    Volume (V)              4510
    Difficilty (D)          19.6
    Effort to implement (E) 88570
    Time to implement (T)   1 hours, 22 minutes
    Est Delivered Bugs (B)  1
    Cyclomatic Complexity   17
    Maintainability (MI)    106

 Segment     Used  Free
-----------  ----  ----
00000-00FFE     0  4096  
01000-01006     4  4  
01008-0FFFE  1402  60030  
10000-1FFF6     0  65528  



