
ROM used:   2792/131064 (2%)
            2796/131064 (2%) including unused fragments

            0.9 Average locations per line
            5.2 Average locations per statement

RAM used:   63/3760 (2%) at main() level
            128/3760 (3%) worst case

Stack used: 5 worst case (2 in main + 3 for interrupts)
Stack size: 31

Lines Stmts  %   Files
----- ----- ---  -----
  154    48   9  btletras.c
   81     0   0  EMm47J53_StackConfig.h
 1145     0   0  ..\..\..\..\Program Files (x86)\PICC\Devices\18F47J53.h
 1351   359  67  ..\..\..\..\Program Files (x86)\PICC\Drivers\stdlib.h
   32     0   0  ..\..\..\..\Program Files (x86)\PICC\Drivers\stddef.h
  423   125  23  ..\..\..\..\Program Files (x86)\PICC\Drivers\string.h
   28     0   0  ..\..\..\..\Program Files (x86)\PICC\Drivers\ctype.h
----- -----
 3214   532 Total

Page ROM  %  RAM   Vol Diff  Functions:
---- --- --- ---   --- ----  ----------
0     40   1    1             @delay_ms1
0    242   4   11             @MULFF
0     54   1    2   378  2.7  @ITOF
0    348   6   14             @DIVFF
0     86   2   14   378  2.7  @MUL3232
0    224   4   28   154  5.5  mapeo
0    142   3   13             @DIV3232
0     90   2    0    94  1.7  PWM_ini
0    264   5    1   764  6.3  rd_isr
0    610  11    4   629  4.6  MAIN
0     26   0    0   378  2.7  @const1088
0     40   1    4   378  2.7  @PSTRINGCN_38400_31766_31767
0     64   1    5  1458  7.3  @FTOSD
0    408   7   13             @PRINTF_L32D_38400_31766_31767FPFPF
 Inline         0             @cinit1

Program metrics:
    Functions               9
    Statements              532
    Comments                1140
    Volume (V)              6930
    Difficulty (D)          34.9
    Effort to implement (E) 241564
    Time to implement (T)   3 hours, 44 minutes
    Est Delivered Bugs (B)  1
    Cyclomatic Complexity   16
    Maintainability (MI)    21

 Segment     Used  Free
-----------  ----  ----
00000-00FFE     0  4096  
01000-01006     4  4  
01008-0109C   150  0  
0109E-0FFFE  2638  58644  
10000-1FFF6     0  65528  



