
ROM used: 2250 (2%)
          2254 (2%) including unused fragments

          0 Average locations per line
          2 Average locations per statement

RAM used: 21 (1%) at main() level
          40 (1%) worst case

Stack used: 5 worst case (out of 31 total available)

Lines Stmts  %   Files
----- ----- ---  -----
  221   131  14  pwm.c
  704     0   0  ..\..\..\..\Program Files (x86)\PICC\devices\18F47J53.h
  190    96  10  Configura_LCD_4-8_bits.c
 1273   359  37  ..\..\..\..\Program Files (x86)\PICC\drivers\stdlib.h
   32     0   0  ..\..\..\..\Program Files (x86)\PICC\drivers\stddef.h
  409   121  13  ..\..\..\..\Program Files (x86)\PICC\drivers\string.h
   28     0   0  ..\..\..\..\Program Files (x86)\PICC\drivers\ctype.h
 2220   257  27  ..\..\..\..\Program Files (x86)\PICC\drivers\math.h
----- -----
 5077   964 Total

Page ROM  %  RAM   Vol Diff  Functions:
---- --- --- ---   --- ----  ----------
0     40   1   1             @delay_ms1
0    194   4   3  1374  3.4  lcd_envia_byte_4bits
0     56   1   3   352  5.0  lcd_ubicaxy_4bits
0     40   1   0             @goto10101
0     58   1   0   197  1.8  lcd_init_4bits
0     54   1   1   248  2.3  lcd_putc_4bits
0     68   2   5             @DIV1616
0     32   1   5             @MUL1616
0    338   8   2  1910  4.4  barrer_teclado
0     26   1   1    98  2.9  esperar_teclado
0    900  20   2  2543 11.8  MAIN
0     24   1   0             @const530
0     40   1   3             @PSTRINGC_112
0     28   1   0             @const532
0     26   1   0             @const533
0     38   1   4             @PSTRINGCN_112
0     22   0   0             @const541
0    180   4   9             @PRINTF_LU_112
0     26   1   0             @const544
0     30   1   0             @const545
0     26   1   0             @const546

Program metrics:
    Functions               7
    Statements              964
    Comments                1283
    Volume (V)              9090
    Difficilty (D)          31.9
    Effort to implement (E) 289657
    Time to implement (T)   4 hours, 28 minutes
    Est Delivered Bugs (B)  1
    Cyclomatic Complexity   53
    Maintainability (MI)    95

 Segment     Used  Free
-----------  ----  ----
00000-00FFE     0  4096  
01000-01006     4  4  
01008-0FFFE  2246  59186  
10000-1FFF6     0  65528  



