
ROM used: 4804 (4%)
          4808 (4%) including unused fragments

          1 Average locations per line
          5 Average locations per statement

RAM used: 42 (1%) at main() level
          83 (2%) worst case

Stack used: 6 worst case (out of 31 total available)

Lines Stmts  %   Files
----- ----- ---  -----
  224   170  17  Parcial1.c
   73     1   0  Configurar_micro.h
  704     0   0  ..\..\..\..\Program Files (x86)\PICC\devices\18F47J53.h
 2220   258  26  ..\..\..\..\Program Files (x86)\PICC\drivers\math.h
 1273   360  36  ..\..\..\..\Program Files (x86)\PICC\drivers\stdlib.h
   32     1   0  ..\..\..\..\Program Files (x86)\PICC\drivers\stddef.h
  409   122  12  ..\..\..\..\Program Files (x86)\PICC\drivers\string.h
   28     1   0  ..\..\..\..\Program Files (x86)\PICC\drivers\ctype.h
  203    97  10  Configura_LCD_4-8_bits.c
----- -----
 5166  1010 Total

Page ROM  %  RAM   Vol Diff  Functions:
---- --- --- ---   --- ----  ----------
0     40   0   1             @delay_ms1
0     86   1  14             @MUL3232
0    144   1  13             @DIV3232
0     56   1   4   352  5.0  @SFTOI
0     54   1   2    43  2.1  @ITOF
0    242   3  11    44  1.9  @MULFF
0     82   1   6  1817 10.4  @MULS1616
0    488   5  11  1817 10.4  atol
0    190   2   3  1341  3.4  lcd_envia_byte_4bits
0     56   1   3   352  5.0  lcd_ubicaxy_4bits
0     40   0   0   248  2.3  @goto11697
0     62   1   0   221  1.8  lcd_init_4bits
0     54   1   1   248  2.3  lcd_putc_4bits
0     36   0   0   226  3.6  @const547
0     24   0   0             @const550
0    360   4   2   734  8.2  barrer_teclado
0     62   1   6             @WRITEBITA
0    224   2  28   154  5.5  regladeTres
0   1276  13   1  3523  6.5  MAIN
0     34   0   0             @const567
0     38   0   4             @PSTRINGCN_516
0     18   0   0             @const570
0     40   0   3             @PSTRINGC_516
0     26   0   0             @const572
0     20   0   0             @const573
0     18   0   0             @const574
0     34   0   0             @const575
0     24   0   0             @const576
0     26   0   0             @const577
0     22   0   0             @const578
0     34   0   0             @const579
0      6   0   0             @const580
0    178   2   9             @PRINTF_LU_516
0      6   0   0             @const586
0    530   6   2  2098 10.4  asignarLimites
0     16   0   0             @const591
0     18   0   0             @const592
0     14   0   0             @const593
0     18   0   0             @const594
0     18   0   0             @const595
0     18   0   0             @const596
0     20   0   0             @const597
0     18   0   0             @const598
0      2   0   0             @const599
0     28   0   0             @MEMSET

Program metrics:
    Functions               15
    Statements              1010
    Comments                1265
    Volume (V)              19779
    Difficilty (D)          77.8
    Effort to implement (E) 1539605
    Time to implement (T)   23 hours, 46 minutes
    Est Delivered Bugs (B)  4
    Cyclomatic Complexity   70
    Maintainability (MI)    114

 Segment     Used  Free
-----------  ----  ----
00000-00FFE     0  4096  
01000-01006     4  4  
01008-0FFFE  4800  56632  
10000-1FFF6     0  65528  



