
ROM used: 4932 (4%)
          4936 (4%) including unused fragments

          2 Average locations per line
          6 Average locations per statement

RAM used: 68 (2%) at main() level
          117 (3%) worst case

Stack used: 9 worst case (out of 31 total available)

Lines Stmts  %   Files
----- ----- ---  -----
  536   243  30  teclado.c
  704     0   0  ..\..\..\..\Program Files (x86)\PICC\devices\18F47J53.h
  197    98  12  Configura_LCD_4-8_bits.c
 1273   359  44  ..\..\..\..\Program Files (x86)\PICC\drivers\stdlib.h
   32     0   0  ..\..\..\..\Program Files (x86)\PICC\drivers\stddef.h
  409   121  15  ..\..\..\..\Program Files (x86)\PICC\drivers\string.h
   28     0   0  ..\..\..\..\Program Files (x86)\PICC\drivers\ctype.h
----- -----
 3179   821 Total

Page ROM  %  RAM   Vol Diff  Functions:
---- --- --- ---   --- ----  ----------
0     40   0   1             @delay_ms1
0    194   2   3  1374  3.4  lcd_envia_byte_4bits
0     60   1   4   378  5.0  lcd_ubicaxy_4bits
0     40   0   0             @goto10101
0     58   1   0   197  1.8  lcd_init_4bits
0     10   0   0    25  1.2  lcdCursorOn
0     10   0   0    25  1.2  lcdCursorOff
0     54   1   1   248  2.3  lcd_putc_4bits
0    156   2   0             @const130
0    156   2   0             @const133
0     82   1   6             @MULS1616
0    488   5  11  1817 10.4  atol
0     86   1  14             @MUL3232
0    224   2  28   154  5.5  regla
0    144   1  13             @DIV3232
0    488   5   2  1845  7.3  entrada_teclado
0     20   0   0             @const441
0     40   0   3             @PSTRINGC_115
0     16   0   0             @const443
0     24   0   0             @const444
0     22   0   0             @const445
0     20   0   0             @const446
0     14   0   0             @const447
0     16   0   0             @const448
0     12   0   0             @const449
0      8   0   0             @const450
0     64   1   1   432  6.1  int_ext_isr
0   1474  15   0  4441  6.9  MAIN
0     24   0   0             @const458
0     38   0   4             @PSTRINGCN_115
0     20   0   0             @const461
0     18   0   0             @const462
0     18   0   0             @const463
0    178   2   9             @PRINTF_LU_115
0     10   0   0             @const476
0     10   0   0             @const477
0      8   0   0             @const478
0      8   0   0             @const479
0      8   0   0             @const480
0      8   0   0             @const481
0      8   0   0             @const482
0     30   0   0   228  1.8  init_kb
0    300   3   6  1441  9.7  decode
0     40   0   0   300  3.7  barrer_teclado

Program metrics:
    Functions               14
    Statements              821
    Comments                1308
    Volume (V)              18846
    Difficilty (D)          65.6
    Effort to implement (E) 1235973
    Time to implement (T)   19 hours, 4 minutes
    Est Delivered Bugs (B)  4
    Cyclomatic Complexity   65
    Maintainability (MI)    100

 Segment     Used  Free
-----------  ----  ----
00000-00FFE     0  4096  
01000-01006     4  4  
01008-010BC   182  0  
010BE-0FFFE  4746  56504  
10000-1FFF6     0  65528  



